<?xml version="1.0" encoding="utf-8"?><testsuites name="pytest tests"><testsuite name="pytest" errors="0" failures="36" skipped="61" tests="5999" time="63.837" timestamp="2026-02-15T01:38:42.621943+01:00" hostname="fedora"><testcase classname="tests.test_action_executor.TestActionResult" name="test_ok_convenience" time="0.001" /><testcase classname="tests.test_action_executor.TestActionResult" name="test_fail_convenience" time="0.000" /><testcase classname="tests.test_action_executor.TestActionResult" name="test_previewed_convenience" time="0.000" /><testcase classname="tests.test_action_executor.TestActionResult" name="test_auto_timestamp" time="0.000" /><testcase classname="tests.test_action_executor.TestActionResult" name="test_to_dict_roundtrip" time="0.000" /><testcase classname="tests.test_action_executor.TestActionResult" name="test_truncation_in_to_dict" time="0.000" /><testcase classname="tests.test_action_executor.TestActionResult" name="test_from_dict_defaults" time="0.000" /><testcase classname="tests.test_action_executor.TestActionExecutor" name="test_preview_mode" time="0.001" /><testcase classname="tests.test_action_executor.TestActionExecutor" name="test_global_dry_run" time="0.001" /><testcase classname="tests.test_action_executor.TestActionExecutor" name="test_successful_execution" time="0.001" /><testcase classname="tests.test_action_executor.TestActionExecutor" name="test_failed_execution" time="0.001" /><testcase classname="tests.test_action_executor.TestActionExecutor" name="test_command_not_found" time="0.001" /><testcase classname="tests.test_action_executor.TestActionExecutor" name="test_timeout" time="1.001" /><testcase classname="tests.test_action_executor.TestActionExecutor" name="test_pkexec_prepend" time="0.000" /><testcase classname="tests.test_action_executor.TestActionExecutor" name="test_flatpak_wrapping" time="0.001" /><testcase classname="tests.test_action_executor.TestActionExecutor" name="test_flatpak_no_double_wrap" time="0.000" /><testcase classname="tests.test_action_executor.TestActionExecutor" name="test_action_id_propagation" time="0.003" /><testcase classname="tests.test_action_executor.TestActionLog" name="test_log_written" time="0.001" /><testcase classname="tests.test_action_executor.TestActionLog" name="test_get_action_log" time="0.001" /><testcase classname="tests.test_action_executor.TestActionLog" name="test_log_trimming" time="0.002" /><testcase classname="tests.test_action_executor.TestActionLog" name="test_export_diagnostics" time="0.001" /><testcase classname="tests.test_action_executor.TestActionLog" name="test_log_failure_does_not_crash" time="0.000" /><testcase classname="tests.test_action_executor.TestOperationBridge" name="test_preview_operation" time="0.000" /><testcase classname="tests.test_action_executor.TestOperationBridge" name="test_pkexec_extraction" time="0.000" /><testcase classname="tests.test_agent_events.TestAgentEventIntegration" name="test_agent_config_from_dict_includes_subscriptions" time="0.001" /><testcase classname="tests.test_agent_events.TestAgentEventIntegration" name="test_agent_config_includes_subscriptions" time="0.001" /><testcase classname="tests.test_agent_events.TestAgentEventIntegration" name="test_agent_config_to_dict_includes_subscriptions" time="0.001" /><testcase classname="tests.test_agent_events.TestAgentEventIntegration" name="test_agent_failure_event_published" time="0.203" /><testcase classname="tests.test_agent_events.TestAgentEventIntegration" name="test_agent_subscribes_to_events_on_registration" time="0.002" /><testcase classname="tests.test_agent_events.TestAgentEventIntegration" name="test_agent_success_event_published" time="0.203" /><testcase classname="tests.test_agent_events.TestAgentEventIntegration" name="test_disabled_agent_not_subscribed" time="0.001" /><testcase classname="tests.test_agent_events.TestAgentEventIntegration" name="test_event_triggers_agent_execution" time="0.102" /><testcase classname="tests.test_agent_events.TestAgentEventIntegration" name="test_multiple_agents_subscribe_to_same_event" time="0.202" /><testcase classname="tests.test_agent_events.TestAgentEventIntegration" name="test_rate_limiting_prevents_spam" time="0.102" /><testcase classname="tests.test_agent_implementations.TestAgentImplementations" name="test_agent_config_structure" time="0.002" /><testcase classname="tests.test_agent_implementations.TestAgentImplementations" name="test_agent_handles_command_failure" time="0.202" /><testcase classname="tests.test_agent_implementations.TestAgentImplementations" name="test_agent_publishes_completion_events" time="0.306" /><testcase classname="tests.test_agent_implementations.TestAgentImplementations" name="test_agent_rate_limiting" time="0.808" /><testcase classname="tests.test_agent_implementations.TestAgentImplementations" name="test_cleanup_agent_triggers_on_low_storage" time="0.205" /><testcase classname="tests.test_agent_implementations.TestAgentImplementations" name="test_event_simulator_methods" time="0.105" /><testcase classname="tests.test_agent_implementations.TestAgentImplementations" name="test_security_agent_responds_to_public_wifi" time="0.207" /><testcase classname="tests.test_agent_implementations.TestAgentImplementations" name="test_security_agent_restores_on_trusted_network" time="0.206" /><testcase classname="tests.test_agent_implementations.TestAgentImplementations" name="test_thermal_agent_responds_to_throttling" time="0.205" /><testcase classname="tests.test_agent_implementations.TestAgentImplementations" name="test_thermal_agent_restores_on_normal" time="0.205" /><testcase classname="tests.test_agent_notifications_deep.TestAgentNotificationConfig" name="test_defaults" time="0.000" /><testcase classname="tests.test_agent_notifications_deep.TestAgentNotificationConfig" name="test_from_dict_empty" time="0.000" /><testcase classname="tests.test_agent_notifications_deep.TestAgentNotificationConfig" name="test_from_dict_full" time="0.000" /><testcase classname="tests.test_agent_notifications_deep.TestAgentNotificationConfig" name="test_from_dict_none" time="0.000" /><testcase classname="tests.test_agent_notifications_deep.TestAgentNotificationConfig" name="test_roundtrip" time="0.000" /><testcase classname="tests.test_agent_notifications_deep.TestAgentNotificationConfig" name="test_to_dict" time="0.000" /><testcase classname="tests.test_agent_notifications_deep.TestAgentNotifierNotify" name="test_cooldown_blocks" time="0.001" /><testcase classname="tests.test_agent_notifications_deep.TestAgentNotifierNotify" name="test_disabled_config_returns_false" time="0.000" /><testcase classname="tests.test_agent_notifications_deep.TestAgentNotifierNotify" name="test_enabled_desktop" time="0.000" /><testcase classname="tests.test_agent_notifications_deep.TestAgentNotifierNotify" name="test_enabled_in_app" time="0.000" /><testcase classname="tests.test_agent_notifications_deep.TestAgentNotifierNotify" name="test_enabled_webhook" time="0.000" /><testcase classname="tests.test_agent_notifications_deep.TestShouldNotify" name="test_above_severity_threshold" time="0.000" /><testcase classname="tests.test_agent_notifications_deep.TestShouldNotify" name="test_alert_in_data" time="0.000" /><testcase classname="tests.test_agent_notifications_deep.TestShouldNotify" name="test_below_severity_threshold" time="0.000" /><testcase classname="tests.test_agent_notifications_deep.TestShouldNotify" name="test_error_with_notify_on_error" time="0.000" /><testcase classname="tests.test_agent_notifications_deep.TestGetResultSeverity" name="test_alert_is_high" time="0.000" /><testcase classname="tests.test_agent_notifications_deep.TestGetResultSeverity" name="test_explicit_severity" time="0.000" /><testcase classname="tests.test_agent_notifications_deep.TestGetResultSeverity" name="test_failure_is_medium" time="0.000" /><testcase classname="tests.test_agent_notifications_deep.TestGetResultSeverity" name="test_success_no_data" time="0.000" /><testcase classname="tests.test_agent_notifications_deep.TestGetResultSeverity" name="test_unknown_severity_fallback" time="0.000" /><testcase classname="tests.test_agent_notifications_deep.TestSendDesktop" name="test_exception" time="0.001" /><testcase classname="tests.test_agent_notifications_deep.TestSendDesktop" name="test_success" time="0.001" /><testcase classname="tests.test_agent_notifications_deep.TestSendInApp" name="test_exception" time="0.001" /><testcase classname="tests.test_agent_notifications_deep.TestSendInApp" name="test_success" time="0.001" /><testcase classname="tests.test_agent_notifications_deep.TestSendWebhook" name="test_no_url" time="0.000" /><testcase classname="tests.test_agent_notifications_deep.TestSendWebhook" name="test_with_url" time="0.102" /><testcase classname="tests.test_agent_notifications_deep.TestValidateWebhookUrl" name="test_empty" time="0.000" /><testcase classname="tests.test_agent_notifications_deep.TestValidateWebhookUrl" name="test_http" time="0.000" /><testcase classname="tests.test_agent_notifications_deep.TestValidateWebhookUrl" name="test_https" time="0.000" /><testcase classname="tests.test_agent_notifications_deep.TestValidateWebhookUrl" name="test_invalid" time="0.000" /><testcase classname="tests.test_agent_notifications_deep.TestValidateWebhookUrl" name="test_none_strings" time="0.000" /><testcase classname="tests.test_agent_planner_dedicated.TestPlanStep" name="test_all_severity_levels" time="0.000" /><testcase classname="tests.test_agent_planner_dedicated.TestPlanStep" name="test_creation_with_defaults" time="0.000" /><testcase classname="tests.test_agent_planner_dedicated.TestPlanStep" name="test_creation_with_explicit_severity" time="0.000" /><testcase classname="tests.test_agent_planner_dedicated.TestPlanStep" name="test_to_dict_default_severity_value" time="0.000" /><testcase classname="tests.test_agent_planner_dedicated.TestPlanStep" name="test_to_dict_keys" time="0.000" /><testcase classname="tests.test_agent_planner_dedicated.TestPlanStep" name="test_to_dict_values" time="0.000" /><testcase classname="tests.test_agent_planner_dedicated.TestAgentPlan" name="test_creation_custom_confidence" time="0.000" /><testcase classname="tests.test_agent_planner_dedicated.TestAgentPlan" name="test_creation_defaults" time="0.000" /><testcase classname="tests.test_agent_planner_dedicated.TestAgentPlan" name="test_to_agent_config_action_name_truncation" time="0.000" /><testcase classname="tests.test_agent_planner_dedicated.TestAgentPlan" name="test_to_agent_config_actions_mapping" time="0.000" /><testcase classname="tests.test_agent_planner_dedicated.TestAgentPlan" name="test_to_agent_config_empty_agent_id" time="0.000" /><testcase classname="tests.test_agent_planner_dedicated.TestAgentPlan" name="test_to_agent_config_name_and_type" time="0.000" /><testcase classname="tests.test_agent_planner_dedicated.TestAgentPlan" name="test_to_agent_config_returns_agent_config" time="0.000" /><testcase classname="tests.test_agent_planner_dedicated.TestAgentPlan" name="test_to_agent_config_safety_defaults" time="0.000" /><testcase classname="tests.test_agent_planner_dedicated.TestAgentPlan" name="test_to_agent_config_settings" time="0.000" /><testcase classname="tests.test_agent_planner_dedicated.TestAgentPlan" name="test_to_agent_config_triggers" time="0.000" /><testcase classname="tests.test_agent_planner_dedicated.TestAgentPlan" name="test_to_dict_multiple_steps" time="0.000" /><testcase classname="tests.test_agent_planner_dedicated.TestAgentPlan" name="test_to_dict_structure" time="0.000" /><testcase classname="tests.test_agent_planner_dedicated.TestAgentPlan" name="test_to_dict_values" time="0.000" /><testcase classname="tests.test_agent_planner_dedicated.TestGoalTemplates" name="test_all_five_templates_exist" time="0.000" /><testcase classname="tests.test_agent_planner_dedicated.TestGoalTemplates" name="test_all_templates_default_confidence" time="0.000" /><testcase classname="tests.test_agent_planner_dedicated.TestGoalTemplates" name="test_all_templates_have_interval_trigger" time="0.000" /><testcase classname="tests.test_agent_planner_dedicated.TestGoalTemplates" name="test_all_templates_have_nonempty_steps" time="0.000" /><testcase classname="tests.test_agent_planner_dedicated.TestGoalTemplates" name="test_auto_cleanup_template" time="0.000" /><testcase classname="tests.test_agent_planner_dedicated.TestGoalTemplates" name="test_keep_system_healthy_template" time="0.000" /><testcase classname="tests.test_agent_planner_dedicated.TestGoalTemplates" name="test_notify_updates_template" time="0.000" /><testcase classname="tests.test_agent_planner_dedicated.TestGoalTemplates" name="test_optimize_performance_template" time="0.000" /><testcase classname="tests.test_agent_planner_dedicated.TestGoalTemplates" name="test_templates_are_agent_plans" time="0.000" /><testcase classname="tests.test_agent_planner_dedicated.TestGoalTemplates" name="test_watch_security_template" time="0.000" /><testcase classname="tests.test_agent_planner_dedicated.TestAgentPlannerMatchTemplate" name="test_best_match_wins_among_templates" time="0.001" /><testcase classname="tests.test_agent_planner_dedicated.TestAgentPlannerMatchTemplate" name="test_case_insensitive_matching" time="0.000" /><testcase classname="tests.test_agent_planner_dedicated.TestAgentPlannerMatchTemplate" name="test_confidence_capped_at_one" time="0.001" /><testcase classname="tests.test_agent_planner_dedicated.TestAgentPlannerMatchTemplate" name="test_match_cleanup_keywords" time="0.000" /><testcase classname="tests.test_agent_planner_dedicated.TestAgentPlannerMatchTemplate" name="test_match_firewall_keyword" time="0.000" /><testcase classname="tests.test_agent_planner_dedicated.TestAgentPlannerMatchTemplate" name="test_match_health_keywords" time="0.000" /><testcase classname="tests.test_agent_planner_dedicated.TestAgentPlannerMatchTemplate" name="test_match_monitor_keyword" time="0.001" /><testcase classname="tests.test_agent_planner_dedicated.TestAgentPlannerMatchTemplate" name="test_match_performance_keywords" time="0.000" /><testcase classname="tests.test_agent_planner_dedicated.TestAgentPlannerMatchTemplate" name="test_match_security_keywords" time="0.000" /><testcase classname="tests.test_agent_planner_dedicated.TestAgentPlannerMatchTemplate" name="test_match_update_keywords" time="0.000" /><testcase classname="tests.test_agent_planner_dedicated.TestAgentPlannerMatchTemplate" name="test_matched_plan_confidence_scoring" time="0.000" /><testcase classname="tests.test_agent_planner_dedicated.TestAgentPlannerMatchTemplate" name="test_matched_plan_uses_original_goal" time="0.000" /><testcase classname="tests.test_agent_planner_dedicated.TestAgentPlannerMatchTemplate" name="test_no_match_returns_none" time="0.000" /><testcase classname="tests.test_agent_planner_dedicated.TestAgentPlannerPlanWithOllama" name="test_no_ollama_binary_returns_none" time="0.001" /><testcase classname="tests.test_agent_planner_dedicated.TestAgentPlannerPlanWithOllama" name="test_ollama_description_truncated_to_200" time="0.001" /><testcase classname="tests.test_agent_planner_dedicated.TestAgentPlannerPlanWithOllama" name="test_ollama_interval_clamped_max" time="0.001" /><testcase classname="tests.test_agent_planner_dedicated.TestAgentPlannerPlanWithOllama" name="test_ollama_interval_clamped_min" time="0.001" /><testcase classname="tests.test_agent_planner_dedicated.TestAgentPlannerPlanWithOllama" name="test_ollama_invalid_json" time="0.001" /><testcase classname="tests.test_agent_planner_dedicated.TestAgentPlannerPlanWithOllama" name="test_ollama_json_in_markdown_codeblock" time="0.001" /><testcase classname="tests.test_agent_planner_dedicated.TestAgentPlannerPlanWithOllama" name="test_ollama_missing_agent_name_uses_fallback" time="0.001" /><testcase classname="tests.test_agent_planner_dedicated.TestAgentPlannerPlanWithOllama" name="test_ollama_name_truncated_to_60" time="0.001" /><testcase classname="tests.test_agent_planner_dedicated.TestAgentPlannerPlanWithOllama" name="test_ollama_no_valid_operations" time="0.001" /><testcase classname="tests.test_agent_planner_dedicated.TestAgentPlannerPlanWithOllama" name="test_ollama_nonzero_returncode" time="0.001" /><testcase classname="tests.test_agent_planner_dedicated.TestAgentPlannerPlanWithOllama" name="test_ollama_os_error" time="0.001" /><testcase classname="tests.test_agent_planner_dedicated.TestAgentPlannerPlanWithOllama" name="test_ollama_step_severity_from_catalog" time="0.001" /><testcase classname="tests.test_agent_planner_dedicated.TestAgentPlannerPlanWithOllama" name="test_ollama_subprocess_called_with_timeout" time="0.001" /><testcase classname="tests.test_agent_planner_dedicated.TestAgentPlannerPlanWithOllama" name="test_ollama_success" time="0.001" /><testcase classname="tests.test_agent_planner_dedicated.TestAgentPlannerPlanWithOllama" name="test_ollama_timeout" time="0.001" /><testcase classname="tests.test_agent_planner_dedicated.TestAgentPlannerPlanFromGoal" name="test_generic_fallback_has_three_steps" time="0.001" /><testcase classname="tests.test_agent_planner_dedicated.TestAgentPlannerPlanFromGoal" name="test_generic_fallback_interval_300" time="0.000" /><testcase classname="tests.test_agent_planner_dedicated.TestAgentPlannerPlanFromGoal" name="test_generic_fallback_uses_original_goal" time="0.000" /><testcase classname="tests.test_agent_planner_dedicated.TestAgentPlannerPlanFromGoal" name="test_generic_fallback_when_both_fail" time="0.000" /><testcase classname="tests.test_agent_planner_dedicated.TestAgentPlannerPlanFromGoal" name="test_ollama_fallback_when_no_template" time="0.001" /><testcase classname="tests.test_agent_planner_dedicated.TestAgentPlannerPlanFromGoal" name="test_template_match_returned_first" time="0.001" /><testcase classname="tests.test_agent_planner_dedicated.TestAgentPlannerListAndCatalog" name="test_get_operation_catalog_dict_keys" time="0.000" /><testcase classname="tests.test_agent_planner_dedicated.TestAgentPlannerListAndCatalog" name="test_get_operation_catalog_not_mutated" time="0.000" /><testcase classname="tests.test_agent_planner_dedicated.TestAgentPlannerListAndCatalog" name="test_get_operation_catalog_returns_copy" time="0.000" /><testcase classname="tests.test_agent_planner_dedicated.TestAgentPlannerListAndCatalog" name="test_get_operation_catalog_returns_list" time="0.000" /><testcase classname="tests.test_agent_planner_dedicated.TestAgentPlannerListAndCatalog" name="test_list_goal_templates_contains_all_keys" time="0.000" /><testcase classname="tests.test_agent_planner_dedicated.TestAgentPlannerListAndCatalog" name="test_list_goal_templates_dict_keys" time="0.000" /><testcase classname="tests.test_agent_planner_dedicated.TestAgentPlannerListAndCatalog" name="test_list_goal_templates_returns_list" time="0.000" /><testcase classname="tests.test_agent_planner_dedicated.TestAgentPlannerListAndCatalog" name="test_operation_catalog_has_14_entries" time="0.000" /><testcase classname="tests.test_agent_planner_dedicated.TestAgentPlannerIntegration" name="test_health_goal_end_to_end" time="0.000" /><testcase classname="tests.test_agent_planner_dedicated.TestAgentPlannerIntegration" name="test_plan_to_dict_is_json_serializable" time="0.000" /><testcase classname="tests.test_agent_planner_dedicated.TestAgentPlannerIntegration" name="test_security_goal_end_to_end" time="0.000" /><testcase classname="tests.test_agent_planner_dedicated.TestAgentPlannerIntegration" name="test_unknown_goal_no_ollama" time="0.000" /><testcase classname="tests.test_agent_runner_extended.TestAgentExecutorExtended" name="test_execute_action_arbitrator_blocks" time="0.001" /><testcase classname="tests.test_agent_runner_extended.TestAgentExecutorExtended" name="test_execute_action_command_path" time="0.001" /><testcase classname="tests.test_agent_runner_extended.TestAgentExecutorExtended" name="test_execute_action_critical_severity_gate" time="0.000" /><testcase classname="tests.test_agent_runner_extended.TestAgentExecutorExtended" name="test_execute_action_dry_run" time="0.000" /><testcase classname="tests.test_agent_runner_extended.TestAgentExecutorExtended" name="test_execute_action_no_op_path" time="0.000" /><testcase classname="tests.test_agent_runner_extended.TestAgentExecutorExtended" name="test_execute_action_operation_exception" time="0.001" /><testcase classname="tests.test_agent_runner_extended.TestAgentExecutorExtended" name="test_execute_action_rate_limit_exceeded" time="0.000" /><testcase classname="tests.test_agent_runner_extended.TestAgentExecutorExtended" name="test_execute_operation_known_handler" time="0.001" /><testcase classname="tests.test_agent_runner_extended.TestAgentExecutorExtended" name="test_execute_operation_unknown" time="0.000" /><testcase classname="tests.test_agent_runner_extended.TestAgentExecutorExtended" name="test_get_operation_handlers_returns_all_14" time="0.000" /><testcase classname="tests.test_agent_runner_extended.TestAgentExecutorExtended" name="test_infer_priority_variants" time="0.000" /><testcase classname="tests.test_agent_runner_extended.TestAgentExecutorExtended" name="test_infer_resource_no_operation" time="0.000" /><testcase classname="tests.test_agent_runner_extended.TestAgentExecutorExtended" name="test_infer_resource_tuner_prefix" time="0.000" /><testcase classname="tests.test_agent_runner_extended.TestAgentExecutorExtended" name="test_infer_resource_updates_prefix" time="0.000" /><testcase classname="tests.test_agent_runner_extended.TestAgentExecutorExtended" name="test_infer_resource_variants" time="0.000" /><testcase classname="tests.test_agent_runner_extended.TestAgentExecutorExtended" name="test_op_apply_tuning_auto_apply_disabled" time="0.000" /><testcase classname="tests.test_agent_runner_extended.TestAgentExecutorExtended" name="test_op_apply_tuning_auto_apply_enabled" time="0.000" /><testcase classname="tests.test_agent_runner_extended.TestAgentExecutorExtended" name="test_op_check_cpu_above_threshold" time="0.001" /><testcase classname="tests.test_agent_runner_extended.TestAgentExecutorExtended" name="test_op_check_cpu_below_threshold" time="0.001" /><testcase classname="tests.test_agent_runner_extended.TestAgentExecutorExtended" name="test_op_check_cpu_oserror" time="0.000" /><testcase classname="tests.test_agent_runner_extended.TestAgentExecutorExtended" name="test_op_check_disk_above_threshold" time="0.000" /><testcase classname="tests.test_agent_runner_extended.TestAgentExecutorExtended" name="test_op_check_disk_below_threshold" time="0.000" /><testcase classname="tests.test_agent_runner_extended.TestAgentExecutorExtended" name="test_op_check_disk_oserror" time="0.000" /><testcase classname="tests.test_agent_runner_extended.TestAgentExecutorExtended" name="test_op_check_memory_above_threshold" time="0.001" /><testcase classname="tests.test_agent_runner_extended.TestAgentExecutorExtended" name="test_op_check_memory_below_threshold" time="0.001" /><testcase classname="tests.test_agent_runner_extended.TestAgentExecutorExtended" name="test_op_check_memory_oserror" time="0.000" /><testcase classname="tests.test_agent_runner_extended.TestAgentExecutorExtended" name="test_op_check_temperature_above_threshold" time="0.001" /><testcase classname="tests.test_agent_runner_extended.TestAgentExecutorExtended" name="test_op_check_temperature_below_threshold" time="0.001" /><testcase classname="tests.test_agent_runner_extended.TestAgentExecutorExtended" name="test_op_check_temperature_no_sensors" time="0.001" /><testcase classname="tests.test_agent_runner_extended.TestAgentExecutorExtended" name="test_op_check_temperature_valueerror_fallthrough" time="0.001" /><testcase classname="tests.test_agent_runner_extended.TestAgentExecutorExtended" name="test_op_clean_dnf_cache_exception" time="0.000" /><testcase classname="tests.test_agent_runner_extended.TestAgentExecutorExtended" name="test_op_clean_dnf_cache_success_known_size" time="0.001" /><testcase classname="tests.test_agent_runner_extended.TestAgentExecutorExtended" name="test_op_clean_dnf_cache_unknown_size" time="0.000" /><testcase classname="tests.test_agent_runner_extended.TestAgentExecutorExtended" name="test_op_clean_temp_files_all_success" time="0.001" /><testcase classname="tests.test_agent_runner_extended.TestAgentExecutorExtended" name="test_op_clean_temp_files_handles_one_error" time="0.000" /><testcase classname="tests.test_agent_runner_extended.TestAgentExecutorExtended" name="test_op_detect_workload_extreme" time="0.001" /><testcase classname="tests.test_agent_runner_extended.TestAgentExecutorExtended" name="test_op_detect_workload_heavy" time="0.001" /><testcase classname="tests.test_agent_runner_extended.TestAgentExecutorExtended" name="test_op_detect_workload_idle" time="0.001" /><testcase classname="tests.test_agent_runner_extended.TestAgentExecutorExtended" name="test_op_detect_workload_light" time="0.001" /><testcase classname="tests.test_agent_runner_extended.TestAgentExecutorExtended" name="test_op_detect_workload_moderate" time="0.001" /><testcase classname="tests.test_agent_runner_extended.TestAgentExecutorExtended" name="test_op_detect_workload_oserror" time="0.000" /><testcase classname="tests.test_agent_runner_extended.TestAgentExecutorExtended" name="test_op_dnf_updates_atomic_available" time="0.001" /><testcase classname="tests.test_agent_runner_extended.TestAgentExecutorExtended" name="test_op_dnf_updates_atomic_no_update" time="0.001" /><testcase classname="tests.test_agent_runner_extended.TestAgentExecutorExtended" name="test_op_dnf_updates_available" time="0.001" /><testcase classname="tests.test_agent_runner_extended.TestAgentExecutorExtended" name="test_op_dnf_updates_exception" time="0.000" /><testcase classname="tests.test_agent_runner_extended.TestAgentExecutorExtended" name="test_op_dnf_updates_no_updates" time="0.001" /><testcase classname="tests.test_agent_runner_extended.TestAgentExecutorExtended" name="test_op_failed_logins_alert" time="0.000" /><testcase classname="tests.test_agent_runner_extended.TestAgentExecutorExtended" name="test_op_failed_logins_below_threshold" time="0.000" /><testcase classname="tests.test_agent_runner_extended.TestAgentExecutorExtended" name="test_op_failed_logins_exception" time="0.000" /><testcase classname="tests.test_agent_runner_extended.TestAgentExecutorExtended" name="test_op_firewall_active" time="0.000" /><testcase classname="tests.test_agent_runner_extended.TestAgentExecutorExtended" name="test_op_firewall_exception" time="0.000" /><testcase classname="tests.test_agent_runner_extended.TestAgentExecutorExtended" name="test_op_firewall_inactive" time="0.000" /><testcase classname="tests.test_agent_runner_extended.TestAgentExecutorExtended" name="test_op_flatpak_not_installed" time="0.000" /><testcase classname="tests.test_agent_runner_extended.TestAgentExecutorExtended" name="test_op_flatpak_updates_nonzero" time="0.000" /><testcase classname="tests.test_agent_runner_extended.TestAgentExecutorExtended" name="test_op_flatpak_updates_oserror" time="0.000" /><testcase classname="tests.test_agent_runner_extended.TestAgentExecutorExtended" name="test_op_flatpak_updates_success_with_updates" time="0.000" /><testcase classname="tests.test_agent_runner_extended.TestAgentExecutorExtended" name="test_op_scan_ports_exception" time="0.000" /><testcase classname="tests.test_agent_runner_extended.TestAgentExecutorExtended" name="test_op_scan_ports_nonzero" time="0.000" /><testcase classname="tests.test_agent_runner_extended.TestAgentExecutorExtended" name="test_op_scan_ports_success" time="0.000" /><testcase classname="tests.test_agent_runner_extended.TestAgentExecutorExtended" name="test_op_vacuum_journal_exception" time="0.000" /><testcase classname="tests.test_agent_runner_extended.TestAgentExecutorExtended" name="test_op_vacuum_journal_success" time="0.000" /><testcase classname="tests.test_agent_runner_extended.TestAgentExecutorExtended" name="test_op_vacuum_journal_unknown" time="0.000" /><testcase classname="tests.test_agent_runner_extended.TestAgentSchedulerExtended" name="test_execute_agent_alert_logging" time="0.001" /><testcase classname="tests.test_agent_runner_extended.TestAgentSchedulerExtended" name="test_execute_agent_callback_exception" time="0.001" /><testcase classname="tests.test_agent_runner_extended.TestAgentSchedulerExtended" name="test_execute_agent_no_callback" time="0.001" /><testcase classname="tests.test_agent_runner_extended.TestAgentSchedulerExtended" name="test_execute_agent_stop_event_breaks_loop" time="0.001" /><testcase classname="tests.test_agent_runner_extended.TestAgentSchedulerExtended" name="test_notify_result_exception_is_swallowed" time="0.001" /><testcase classname="tests.test_agent_runner_extended.TestAgentSchedulerExtended" name="test_notify_result_success" time="0.001" /><testcase classname="tests.test_agent_runner_extended.TestAgentSchedulerExtended" name="test_run_agent_now_agent_not_found" time="0.001" /><testcase classname="tests.test_agent_runner_extended.TestAgentSchedulerExtended" name="test_run_agent_now_callback_exception" time="0.001" /><testcase classname="tests.test_agent_runner_extended.TestAgentSchedulerExtended" name="test_run_agent_now_success" time="0.001" /><testcase classname="tests.test_agent_runner_extended.TestAgentSchedulerExtended" name="test_run_loop_executes_interval_agent" time="0.001" /><testcase classname="tests.test_agent_runner_extended.TestAgentSchedulerExtended" name="test_run_loop_skips_non_idle_state" time="0.001" /><testcase classname="tests.test_agent_runner_extended.TestAgentSchedulerExtended" name="test_scheduler_is_running_property" time="0.000" /><testcase classname="tests.test_agent_runner_extended.TestAgentSchedulerExtended" name="test_scheduler_set_result_callback" time="0.000" /><testcase classname="tests.test_agent_runner_extended.TestAgentSchedulerExtended" name="test_scheduler_start_when_already_running" time="0.000" /><testcase classname="tests.test_agent_runner_extended.TestAgentSchedulerExtended" name="test_scheduler_stop" time="0.001" /><testcase classname="tests.test_agent_runner_extended.TestAgentSchedulerExtended" name="test_scheduler_stop_no_alive_thread" time="0.001" /><testcase classname="tests.test_agents.TestAgentDataclasses" name="test_agent_result_auto_timestamp" time="0.000" /><testcase classname="tests.test_agents.TestAgentDataclasses" name="test_agent_result_to_dict" time="0.000" /><testcase classname="tests.test_agents.TestAgentDataclasses" name="test_agent_trigger_roundtrip" time="0.000" /><testcase classname="tests.test_agents.TestAgentDataclasses" name="test_agent_action_roundtrip" time="0.000" /><testcase classname="tests.test_agents.TestAgentDataclasses" name="test_agent_config_auto_id" time="0.000" /><testcase classname="tests.test_agents.TestAgentDataclasses" name="test_agent_config_roundtrip" time="0.000" /><testcase classname="tests.test_agents.TestAgentDataclasses" name="test_agent_state_can_act" time="0.000" /><testcase classname="tests.test_agents.TestAgentDataclasses" name="test_agent_state_rate_limit_resets" time="0.000" /><testcase classname="tests.test_agents.TestAgentDataclasses" name="test_agent_state_record_action" time="0.000" /><testcase classname="tests.test_agents.TestAgentDataclasses" name="test_agent_state_record_error" time="0.000" /><testcase classname="tests.test_agents.TestAgentDataclasses" name="test_agent_state_history_bounded" time="0.000" /><testcase classname="tests.test_agents.TestAgentDataclasses" name="test_agent_state_roundtrip" time="0.000" /><testcase classname="tests.test_agents.TestAgentRegistry" name="test_builtin_agents_loaded" time="0.000" /><testcase classname="tests.test_agents.TestAgentRegistry" name="test_register_custom_agent" time="0.001" /><testcase classname="tests.test_agents.TestAgentRegistry" name="test_remove_custom_agent" time="0.001" /><testcase classname="tests.test_agents.TestAgentRegistry" name="test_cannot_remove_builtin" time="0.000" /><testcase classname="tests.test_agents.TestAgentRegistry" name="test_enable_disable" time="0.001" /><testcase classname="tests.test_agents.TestAgentRegistry" name="test_get_agent_summary" time="0.000" /><testcase classname="tests.test_agents.TestAgentRegistry" name="test_create_custom_agent" time="0.001" /><testcase classname="tests.test_agents.TestAgentRegistry" name="test_persistence" time="0.001" /><testcase classname="tests.test_agents.TestAgentRegistry" name="test_update_settings" time="0.001" /><testcase classname="tests.test_agents.TestAgentExecutor" name="test_dry_run" time="0.000" /><testcase classname="tests.test_agents.TestAgentExecutor" name="test_rate_limit" time="0.000" /><testcase classname="tests.test_agents.TestAgentExecutor" name="test_critical_blocked" time="0.000" /><testcase classname="tests.test_agents.TestAgentExecutor" name="test_unknown_operation" time="0.001" /><testcase classname="tests.test_agents.TestAgentExecutor" name="test_no_operation_or_command" time="0.001" /><testcase classname="tests.test_agents.TestAgentExecutor" name="test_arbitrator_blocks_action" time="0.001" /><testcase classname="tests.test_agents.TestAgentArbitrator" name="test_cpu_request_blocked_on_thermal" time="0.001" /><testcase classname="tests.test_agents.TestAgentArbitrator" name="test_cpu_request_allows_critical_on_thermal" time="0.000" /><testcase classname="tests.test_agents.TestAgentArbitrator" name="test_background_blocked_on_battery" time="0.001" /><testcase classname="tests.test_agents.TestAgentArbitrator" name="test_background_allowed_on_ac" time="0.000" /><testcase classname="tests.test_agents.TestAgentOperations" name="test_check_cpu" time="0.000" /><testcase classname="tests.test_agents.TestAgentOperations" name="test_check_memory" time="0.000" /><testcase classname="tests.test_agents.TestAgentOperations" name="test_check_disk" time="0.000" /><testcase classname="tests.test_agents.TestAgentOperations" name="test_check_temperature" time="0.002" /><testcase classname="tests.test_agents.TestAgentOperations" name="test_detect_workload" time="0.000" /><testcase classname="tests.test_agents.TestAgentPlanner" name="test_template_matching_health" time="0.000" /><testcase classname="tests.test_agents.TestAgentPlanner" name="test_template_matching_security" time="0.000" /><testcase classname="tests.test_agents.TestAgentPlanner" name="test_template_matching_updates" time="0.000" /><testcase classname="tests.test_agents.TestAgentPlanner" name="test_template_matching_cleanup" time="0.000" /><testcase classname="tests.test_agents.TestAgentPlanner" name="test_template_matching_performance" time="0.000" /><testcase classname="tests.test_agents.TestAgentPlanner" name="test_unknown_goal_fallback" time="0.000" /><testcase classname="tests.test_agents.TestAgentPlanner" name="test_plan_to_agent_config" time="0.000" /><testcase classname="tests.test_agents.TestAgentPlanner" name="test_list_goal_templates" time="0.000" /><testcase classname="tests.test_agents.TestAgentPlanner" name="test_operation_catalog" time="0.000" /><testcase classname="tests.test_agents.TestAgentScheduler" name="test_scheduler_start_stop" time="0.000" /><testcase classname="tests.test_agents.TestAgentScheduler" name="test_run_agent_now_not_found" time="0.000" /><testcase classname="tests.test_agents.TestAgentScheduler" name="test_run_agent_now_builtin" time="0.154" /><testcase classname="tests.test_agents.TestAgentScheduler" name="test_result_callback" time="0.080" /><testcase classname="tests.test_agents.TestAgentCLI" name="test_cli_agent_list" time="0.012" /><testcase classname="tests.test_agents.TestAgentCLI" name="test_cli_agent_status" time="0.011" /><testcase classname="tests.test_agents.TestAgentCLI" name="test_cli_agent_templates" time="0.010" /><testcase classname="tests.test_agents.TestAgentCLI" name="test_cli_agent_create" time="0.010" /><testcase classname="tests.test_agents.TestAgentCLI" name="test_cli_agent_enable_disable" time="0.021" /><testcase classname="tests.test_agents.TestAgentCLI" name="test_cli_agent_logs" time="0.009" /><testcase classname="tests.test_ai.TestOllamaManager" name="test_delete_model_failure" time="0.001" /><testcase classname="tests.test_ai.TestOllamaManager" name="test_install_already_installed" time="0.001" /><testcase classname="tests.test_ai.TestOllamaManager" name="test_install_timeout" time="0.001" /><testcase classname="tests.test_ai.TestOllamaManager" name="test_is_installed_true" time="0.000" /><testcase classname="tests.test_ai.TestOllamaManager" name="test_is_running_fallback_to_pgrep" time="0.001" /><testcase classname="tests.test_ai.TestOllamaManager" name="test_is_running_system_service_active" time="0.001" /><testcase classname="tests.test_ai.TestOllamaManager" name="test_is_running_user_service_active" time="0.001" /><testcase classname="tests.test_ai.TestOllamaManager" name="test_list_models_parse" time="0.001" /><testcase classname="tests.test_ai.TestOllamaManager" name="test_pull_model_failure_with_output" time="0.001" /><testcase classname="tests.test_ai.TestOllamaManager" name="test_run_prompt_timeout" time="0.001" /><testcase classname="tests.test_ai.TestOllamaManager" name="test_start_service_not_installed" time="0.000" /><testcase classname="tests.test_ai.TestOllamaManager" name="test_start_service_success" time="0.001" /><testcase classname="tests.test_ai.TestOllamaManager" name="test_stop_service_already_stopped" time="0.001" /><testcase classname="tests.test_ai.TestOllamaManager" name="test_stop_service_fallback_pkill" time="0.001" /><testcase classname="tests.test_ai.TestLlamaCppManager" name="test_install_detects_dnf_package" time="0.001" /><testcase classname="tests.test_ai.TestLlamaCppManager" name="test_is_installed_checks_two_binaries" time="0.000" /><testcase classname="tests.test_ai.TestAIConfigManager" name="test_configure_nvidia_for_ai_cuda_present" time="0.001" /><testcase classname="tests.test_ai.TestAIConfigManager" name="test_configure_nvidia_for_ai_no_gpu" time="0.000" /><testcase classname="tests.test_ai.TestAIConfigManager" name="test_configure_rocm_for_ai_no_amd_gpu" time="0.001" /><testcase classname="tests.test_ai.TestAIConfigManager" name="test_get_gpu_memory_parse" time="0.001" /><testcase classname="tests.test_ai_polish.TestAIModelManager" name="test_download_model_failure" time="0.001" /><testcase classname="tests.test_ai_polish.TestAIModelManager" name="test_download_model_ollama_not_installed" time="0.000" /><testcase classname="tests.test_ai_polish.TestAIModelManager" name="test_download_model_success" time="0.001" /><testcase classname="tests.test_ai_polish.TestAIModelManager" name="test_download_model_with_callback" time="0.001" /><testcase classname="tests.test_ai_polish.TestAIModelManager" name="test_estimate_ram_completely_unknown_model" time="0.000" /><testcase classname="tests.test_ai_polish.TestAIModelManager" name="test_estimate_ram_known_model" time="0.000" /><testcase classname="tests.test_ai_polish.TestAIModelManager" name="test_estimate_ram_unknown_model_with_param_hint" time="0.000" /><testcase classname="tests.test_ai_polish.TestAIModelManager" name="test_get_available_models_fields" time="0.000" /><testcase classname="tests.test_ai_polish.TestAIModelManager" name="test_get_available_models_quantization" time="0.000" /><testcase classname="tests.test_ai_polish.TestAIModelManager" name="test_get_available_models_returns_list" time="0.000" /><testcase classname="tests.test_ai_polish.TestAIModelManager" name="test_get_installed_models_empty_list" time="0.001" /><testcase classname="tests.test_ai_polish.TestAIModelManager" name="test_get_installed_models_no_ollama" time="0.000" /><testcase classname="tests.test_ai_polish.TestAIModelManager" name="test_get_installed_models_parses_output" time="0.001" /><testcase classname="tests.test_ai_polish.TestAIModelManager" name="test_get_recommended_model_high_ram" time="0.000" /><testcase classname="tests.test_ai_polish.TestAIModelManager" name="test_get_recommended_model_insufficient_ram" time="0.000" /><testcase classname="tests.test_ai_polish.TestAIModelManager" name="test_get_recommended_model_low_ram" time="0.000" /><testcase classname="tests.test_ai_polish.TestAIModelManager" name="test_get_recommended_model_medium_ram" time="0.000" /><testcase classname="tests.test_ai_polish.TestAIModelManager" name="test_get_system_ram_handles_error" time="0.000" /><testcase classname="tests.test_ai_polish.TestAIModelManager" name="test_get_system_ram_reads_proc_meminfo" time="0.001" /><testcase classname="tests.test_ai_polish.TestAIModelManager" name="test_recommended_models_constant" time="0.000" /><testcase classname="tests.test_ai_polish.TestVoiceManager" name="test_check_microphone_none_found" time="0.001" /><testcase classname="tests.test_ai_polish.TestVoiceManager" name="test_check_microphone_with_arecord" time="0.001" /><testcase classname="tests.test_ai_polish.TestVoiceManager" name="test_get_available_models_list" time="0.000" /><testcase classname="tests.test_ai_polish.TestVoiceManager" name="test_get_recommended_model_high_ram" time="0.000" /><testcase classname="tests.test_ai_polish.TestVoiceManager" name="test_get_recommended_model_low_ram" time="0.000" /><testcase classname="tests.test_ai_polish.TestVoiceManager" name="test_get_recommended_model_moderate_ram" time="0.000" /><testcase classname="tests.test_ai_polish.TestVoiceManager" name="test_is_available_found" time="0.000" /><testcase classname="tests.test_ai_polish.TestVoiceManager" name="test_is_available_not_found" time="0.000" /><testcase classname="tests.test_ai_polish.TestVoiceManager" name="test_is_recording_available_arecord" time="0.000" /><testcase classname="tests.test_ai_polish.TestVoiceManager" name="test_is_recording_available_nothing" time="0.000" /><testcase classname="tests.test_ai_polish.TestVoiceManager" name="test_record_audio_success" time="0.001" /><testcase classname="tests.test_ai_polish.TestVoiceManager" name="test_transcribe_invalid_model" time="0.001" /><testcase classname="tests.test_ai_polish.TestVoiceManager" name="test_transcribe_missing_audio" time="0.000" /><testcase classname="tests.test_ai_polish.TestVoiceManager" name="test_transcribe_no_whisper" time="0.000" /><testcase classname="tests.test_ai_polish.TestVoiceManager" name="test_transcribe_success" time="0.001" /><testcase classname="tests.test_ai_polish.TestVoiceManager" name="test_whisper_models_constant" time="0.000" /><testcase classname="tests.test_ai_polish.TestVoiceManager" name="test_whisper_models_ram_ordering" time="0.000" /><testcase classname="tests.test_ai_polish.TestContextRAGManager" name="test_binary_file_detection" time="0.001" /><testcase classname="tests.test_ai_polish.TestContextRAGManager" name="test_build_and_search_index" time="0.001" /><testcase classname="tests.test_ai_polish.TestContextRAGManager" name="test_build_index_no_files" time="0.001" /><testcase classname="tests.test_ai_polish.TestContextRAGManager" name="test_build_index_skips_binary" time="0.001" /><testcase classname="tests.test_ai_polish.TestContextRAGManager" name="test_build_index_skips_sensitive" time="0.000" /><testcase classname="tests.test_ai_polish.TestContextRAGManager" name="test_build_index_with_callback" time="0.000" /><testcase classname="tests.test_ai_polish.TestContextRAGManager" name="test_chunk_text_empty" time="0.000" /><testcase classname="tests.test_ai_polish.TestContextRAGManager" name="test_chunk_text_long" time="0.000" /><testcase classname="tests.test_ai_polish.TestContextRAGManager" name="test_chunk_text_short" time="0.000" /><testcase classname="tests.test_ai_polish.TestContextRAGManager" name="test_clear_index" time="0.001" /><testcase classname="tests.test_ai_polish.TestContextRAGManager" name="test_clear_index_no_index" time="0.000" /><testcase classname="tests.test_ai_polish.TestContextRAGManager" name="test_get_index_path" time="0.000" /><testcase classname="tests.test_ai_polish.TestContextRAGManager" name="test_get_index_stats_after_build" time="0.001" /><testcase classname="tests.test_ai_polish.TestContextRAGManager" name="test_get_index_stats_no_index" time="0.000" /><testcase classname="tests.test_ai_polish.TestContextRAGManager" name="test_indexable_paths_constant" time="0.000" /><testcase classname="tests.test_ai_polish.TestContextRAGManager" name="test_is_indexed_false_initially" time="0.000" /><testcase classname="tests.test_ai_polish.TestContextRAGManager" name="test_is_indexed_true_after_build" time="0.000" /><testcase classname="tests.test_ai_polish.TestContextRAGManager" name="test_non_sensitive_filenames_pass" time="0.000" /><testcase classname="tests.test_ai_polish.TestContextRAGManager" name="test_scan_indexable_files_returns_list" time="0.607" /><testcase classname="tests.test_ai_polish.TestContextRAGManager" name="test_search_empty_query" time="0.001" /><testcase classname="tests.test_ai_polish.TestContextRAGManager" name="test_search_no_index" time="0.001" /><testcase classname="tests.test_ai_polish.TestContextRAGManager" name="test_search_relevance_scoring" time="0.001" /><testcase classname="tests.test_ai_polish.TestContextRAGManager" name="test_search_respects_max_results" time="0.001" /><testcase classname="tests.test_ai_polish.TestContextRAGManager" name="test_sensitive_filename_detection" time="0.000" /><testcase classname="tests.test_ai_polish.TestContextRAGManager" name="test_text_file_not_binary" time="0.000" /><testcase classname="tests.test_ansible_export.TestResult" name="test_result_data_field_optional" time="0.000" /><testcase classname="tests.test_ansible_export.TestResult" name="test_result_failure_with_data" time="0.000" /><testcase classname="tests.test_ansible_export.TestResult" name="test_result_success_defaults" time="0.000" /><testcase classname="tests.test_ansible_export.TestAnsibleExporter" name="test_generate_playbook_all_disabled" time="0.012" /><testcase classname="tests.test_ansible_export.TestAnsibleExporter" name="test_generate_playbook_custom_name" time="0.001" /><testcase classname="tests.test_ansible_export.TestAnsibleExporter" name="test_generate_playbook_empty_data_skips_sections" time="0.001" /><testcase classname="tests.test_ansible_export.TestAnsibleExporter" name="test_generate_playbook_flatpak_enables_flathub" time="0.001" /><testcase classname="tests.test_ansible_export.TestAnsibleExporter" name="test_generate_playbook_header_contains_warning" time="0.001" /><testcase classname="tests.test_ansible_export.TestAnsibleExporter" name="test_generate_playbook_includes_sections" time="0.002" /><testcase classname="tests.test_ansible_export.TestAnsibleExporter" name="test_generate_playbook_settings_create_dconf_tasks" time="0.001" /><testcase classname="tests.test_ansible_export.TestAnsibleExporter" name="test_generate_playbook_vars_section" time="0.001" /><testcase classname="tests.test_ansible_export.TestAnsibleExporter" name="test_generate_playbook_with_repos" time="0.001" /><testcase classname="tests.test_ansible_export.TestAnsibleExporter" name="test_generate_playbook_yaml_import_fallback" time="0.001" /><testcase classname="tests.test_ansible_export.TestAnsibleExporter" name="test_get_enabled_repos_all_defaults" time="0.001" /><testcase classname="tests.test_ansible_export.TestAnsibleExporter" name="test_get_enabled_repos_atomic_returns_empty" time="0.000" /><testcase classname="tests.test_ansible_export.TestAnsibleExporter" name="test_get_enabled_repos_empty_stdout" time="0.001" /><testcase classname="tests.test_ansible_export.TestAnsibleExporter" name="test_get_enabled_repos_exception" time="0.001" /><testcase classname="tests.test_ansible_export.TestAnsibleExporter" name="test_get_enabled_repos_multiple_third_party" time="0.001" /><testcase classname="tests.test_ansible_export.TestAnsibleExporter" name="test_get_enabled_repos_nonzero_returncode" time="0.001" /><testcase classname="tests.test_ansible_export.TestAnsibleExporter" name="test_get_enabled_repos_skips_fedora_defaults" time="0.001" /><testcase classname="tests.test_ansible_export.TestAnsibleExporter" name="test_get_flatpak_apps_empty_stdout" time="0.001" /><testcase classname="tests.test_ansible_export.TestAnsibleExporter" name="test_get_flatpak_apps_missing_binary" time="0.000" /><testcase classname="tests.test_ansible_export.TestAnsibleExporter" name="test_get_flatpak_apps_nonzero_returncode" time="0.001" /><testcase classname="tests.test_ansible_export.TestAnsibleExporter" name="test_get_flatpak_apps_subprocess_exception" time="0.001" /><testcase classname="tests.test_ansible_export.TestAnsibleExporter" name="test_get_flatpak_apps_success" time="0.001" /><testcase classname="tests.test_ansible_export.TestAnsibleExporter" name="test_get_gnome_settings_all_keys_succeed" time="0.001" /><testcase classname="tests.test_ansible_export.TestAnsibleExporter" name="test_get_gnome_settings_collects_only_successful_keys" time="0.001" /><testcase classname="tests.test_ansible_export.TestAnsibleExporter" name="test_get_gnome_settings_missing_binary" time="0.000" /><testcase classname="tests.test_ansible_export.TestAnsibleExporter" name="test_get_gnome_settings_per_key_exception" time="0.001" /><testcase classname="tests.test_ansible_export.TestAnsibleExporter" name="test_get_gnome_settings_strips_quotes" time="0.001" /><testcase classname="tests.test_ansible_export.TestAnsibleExporter" name="test_get_installed_packages_atomic_empty_deployments" time="0.001" /><testcase classname="tests.test_ansible_export.TestAnsibleExporter" name="test_get_installed_packages_atomic_exception" time="0.001" /><testcase classname="tests.test_ansible_export.TestAnsibleExporter" name="test_get_installed_packages_atomic_nonzero_returncode" time="0.001" /><testcase classname="tests.test_ansible_export.TestAnsibleExporter" name="test_get_installed_packages_atomic_path" time="0.001" /><testcase classname="tests.test_ansible_export.TestAnsibleExporter" name="test_get_installed_packages_filters_base_packages" time="0.001" /><testcase classname="tests.test_ansible_export.TestAnsibleExporter" name="test_get_installed_packages_nonatomic_all_excluded" time="0.001" /><testcase classname="tests.test_ansible_export.TestAnsibleExporter" name="test_get_installed_packages_nonatomic_empty_stdout" time="0.001" /><testcase classname="tests.test_ansible_export.TestAnsibleExporter" name="test_get_installed_packages_nonatomic_exception" time="0.001" /><testcase classname="tests.test_ansible_export.TestAnsibleExporter" name="test_get_installed_packages_nonatomic_nonzero_returncode" time="0.001" /><testcase classname="tests.test_ansible_export.TestAnsibleExporter" name="test_get_installed_packages_nonatomic_whitespace_only" time="0.001" /><testcase classname="tests.test_ansible_export.TestAnsibleExporter" name="test_save_playbook_creates_parent_dirs" time="0.001" /><testcase classname="tests.test_ansible_export.TestAnsibleExporter" name="test_save_playbook_default_path" time="0.001" /><testcase classname="tests.test_ansible_export.TestAnsibleExporter" name="test_save_playbook_failure" time="0.000" /><testcase classname="tests.test_ansible_export.TestAnsibleExporter" name="test_save_playbook_readme_content" time="0.001" /><testcase classname="tests.test_ansible_export.TestAnsibleExporter" name="test_save_playbook_result_data_fields" time="0.001" /><testcase classname="tests.test_ansible_export.TestAnsibleExporter" name="test_save_playbook_success_creates_files" time="0.001" /><testcase classname="tests.test_ansible_export.TestAnsibleExporter" name="test_save_playbook_writes_content" time="0.001" /><testcase classname="tests.test_ansible_export.TestAnsibleExporter" name="test_validate_playbook_ansible_lint_exception" time="0.001" /><testcase classname="tests.test_ansible_export.TestAnsibleExporter" name="test_validate_playbook_ansible_lint_failure" time="0.059" /><testcase classname="tests.test_ansible_export.TestAnsibleExporter" name="test_validate_playbook_ansible_lint_includes_stdout" time="0.001" /><testcase classname="tests.test_ansible_export.TestAnsibleExporter" name="test_validate_playbook_ansible_lint_success" time="0.001" /><testcase classname="tests.test_ansible_export.TestAnsibleExporter" name="test_validate_playbook_ansible_lint_timeout" time="0.001" /><testcase classname="tests.test_ansible_export.TestAnsibleExporter" name="test_validate_playbook_invalid_yaml" time="0.002" /><testcase classname="tests.test_ansible_export.TestAnsibleExporter" name="test_validate_playbook_no_yaml_no_lint" time="0.001" /><testcase classname="tests.test_ansible_export.TestAnsibleExporter" name="test_validate_playbook_yaml_syntax_ok_without_ansible_lint" time="0.001" /><testcase classname="tests.test_api_profiles.TestAPIProfiles" name="test_profile_export_all" time="0.011" /><testcase classname="tests.test_api_profiles.TestAPIProfiles" name="test_profile_export_single_not_found" time="0.003" /><testcase classname="tests.test_api_profiles.TestAPIProfiles" name="test_profile_import_all_overwrite" time="0.003" /><testcase classname="tests.test_api_profiles.TestAPIProfiles" name="test_profile_import_single_success" time="0.003" /><testcase classname="tests.test_api_profiles.TestAPIProfiles" name="test_profile_import_single_validation_error" time="0.002" /><testcase classname="tests.test_api_profiles.TestAPIProfiles" name="test_profiles_apply" time="0.002" /><testcase classname="tests.test_api_profiles.TestAPIProfiles" name="test_profiles_list" time="0.002" /><testcase classname="tests.test_api_server" name="test_health_endpoint" time="0.008" /><testcase classname="tests.test_api_server" name="test_token_flow" time="0.533" /><testcase classname="tests.test_api_server.TestAuthenticationSecurity" name="test_execute_without_bearer_token" time="0.010" /><testcase classname="tests.test_api_server.TestAuthenticationSecurity" name="test_execute_with_invalid_token_format" time="0.011" /><testcase classname="tests.test_api_server.TestAuthenticationSecurity" name="test_execute_with_malformed_bearer_header" time="0.008" /><testcase classname="tests.test_api_server.TestAuthenticationSecurity" name="test_execute_with_expired_token" time="0.263" /><testcase classname="tests.test_api_server.TestAuthenticationSecurity" name="test_token_generation_with_wrong_api_key" time="0.276" /><testcase classname="tests.test_api_server.TestAuthenticationSecurity" name="test_token_generation_without_api_key" time="0.008" /><testcase classname="tests.test_api_server.TestInputValidation" name="test_command_injection_attempt" time="0.516" /><testcase classname="tests.test_api_server.TestInputValidation" name="test_path_traversal_in_args" time="0.529" /><testcase classname="tests.test_api_server.TestInputValidation" name="test_malformed_json_payload" time="0.521" /><testcase classname="tests.test_api_server.TestInputValidation" name="test_missing_required_field_command" time="0.521" /><testcase classname="tests.test_api_server.TestInputValidation" name="test_extremely_long_command" time="0.523" /><testcase classname="tests.test_api_server.TestInputValidation" name="test_extremely_long_args" time="0.511" /><testcase classname="tests.test_api_server.TestInputValidation" name="test_null_values_in_payload" time="0.481" /><testcase classname="tests.test_api_server.TestAuthorization" name="test_pkexec_requires_auth" time="0.476" /><testcase classname="tests.test_api_server.TestAuthorization" name="test_pkexec_without_auth_fails" time="0.007" /><testcase classname="tests.test_api_server.TestAuthorization" name="test_preview_mode_requires_auth" time="0.007" /><testcase classname="tests.test_api_server.TestAuthorization" name="test_execute_mode_requires_auth" time="0.008" /><testcase classname="tests.test_api_server.TestAuthorization" name="test_info_endpoint_without_auth" time="0.008" /><testcase classname="tests.test_api_server.TestErrorHandling" name="test_invalid_command_execution" time="0.473" /><testcase classname="tests.test_api_server.TestErrorHandling" name="test_executor_exception_handling" time="0.477" /><testcase classname="tests.test_api_server.TestErrorHandling" name="test_action_result_serialization" time="0.475" /><testcase classname="tests.test_api_server.TestErrorHandling" name="test_network_timeout_simulation" time="0.472" /><testcase classname="tests.test_api_server.TestAdditionalSecurity" name="test_empty_command" time="0.470" /><testcase classname="tests.test_api_server.TestAdditionalSecurity" name="test_special_characters_in_command" time="0.479" /><testcase classname="tests.test_api_server.TestAdditionalSecurity" name="test_unicode_in_payload" time="0.516" /><testcase classname="tests.test_api_server.TestAdditionalSecurity" name="test_action_id_validation" time="0.509" /><testcase classname="tests.test_architecture_imports.TestCoreExecutorImports" name="test_action_result_import" time="0.000" /><testcase classname="tests.test_architecture_imports.TestCoreExecutorImports" name="test_base_executor_import" time="0.000" /><testcase classname="tests.test_architecture_imports.TestCoreExecutorImports" name="test_action_executor_import" time="0.000" /><testcase classname="tests.test_architecture_imports.TestCoreExecutorImports" name="test_all_exports" time="0.000" /><testcase classname="tests.test_architecture_imports.TestBackwardCompatUtils" name="test_utils_action_result_import" time="0.000" /><testcase classname="tests.test_architecture_imports.TestBackwardCompatUtils" name="test_utils_action_executor_import" time="0.000" /><testcase classname="tests.test_architecture_imports.TestBackwardCompatUtils" name="test_utils_operations_import" time="0.000" /><testcase classname="tests.test_architecture_imports.TestServicesSystemImports" name="test_system_manager_import" time="0.000" /><testcase classname="tests.test_architecture_imports.TestServicesSystemImports" name="test_service_manager_import" time="0.000"><failure message="ImportError: cannot import name 'ServiceManager' from 'services.system' (unknown location)">tests/test_architecture_imports.py:110: in test_service_manager_import
    from services.system import ServiceManager
E   ImportError: cannot import name 'ServiceManager' from 'services.system' (unknown location)</failure></testcase><testcase classname="tests.test_architecture_imports.TestServicesSystemImports" name="test_process_manager_import" time="0.000"><failure message="ImportError: cannot import name 'ProcessManager' from 'services.system' (unknown location)">tests/test_architecture_imports.py:116: in test_process_manager_import
    from services.system import ProcessManager
E   ImportError: cannot import name 'ProcessManager' from 'services.system' (unknown location)</failure></testcase><testcase classname="tests.test_architecture_imports.TestServicesSystemImports" name="test_service_types_import" time="0.000"><failure message="ImportError: cannot import name 'ServiceUnit' from 'services.system' (unknown location)">tests/test_architecture_imports.py:122: in test_service_types_import
    from services.system import (
E   ImportError: cannot import name 'ServiceUnit' from 'services.system' (unknown location)</failure></testcase><testcase classname="tests.test_architecture_imports.TestServicesSystemImports" name="test_process_types_import" time="0.000"><failure message="ImportError: cannot import name 'ProcessInfo' from 'services.system' (unknown location)">tests/test_architecture_imports.py:136: in test_process_types_import
    from services.system import ProcessInfo
E   ImportError: cannot import name 'ProcessInfo' from 'services.system' (unknown location)</failure></testcase><testcase classname="tests.test_architecture_imports.TestServicesSystemImports" name="test_command_runner_backward_compat" time="0.000"><failure message="ImportError: cannot import name 'CommandRunner' from 'services.system' (unknown location)">tests/test_architecture_imports.py:142: in test_command_runner_backward_compat
    from services.system import CommandRunner
E   ImportError: cannot import name 'CommandRunner' from 'services.system' (unknown location)</failure></testcase><testcase classname="tests.test_architecture_imports.TestServicesSystemImports" name="test_all_exports" time="0.000" /><testcase classname="tests.test_architecture_imports.TestServicesHardwareImports" name="test_hardware_manager_import" time="0.000" /><testcase classname="tests.test_architecture_imports.TestServicesHardwareImports" name="test_battery_manager_import" time="0.000" /><testcase classname="tests.test_architecture_imports.TestServicesHardwareImports" name="test_disk_manager_import" time="0.000" /><testcase classname="tests.test_architecture_imports.TestServicesHardwareImports" name="test_temperature_manager_import" time="0.000" /><testcase classname="tests.test_architecture_imports.TestServicesHardwareImports" name="test_bluetooth_manager_import" time="0.000" /><testcase classname="tests.test_architecture_imports.TestServicesHardwareImports" name="test_hardware_profiles_import" time="0.000" /><testcase classname="tests.test_architecture_imports.TestServicesHardwareImports" name="test_all_exports" time="0.000" /><testcase classname="tests.test_architecture_imports.TestCoreWorkersImports" name="test_base_worker_import" time="0.000" /><testcase classname="tests.test_architecture_imports.TestCoreWorkersImports" name="test_all_exports" time="0.000" /><testcase classname="tests.test_architecture_imports.TestServicesNamespaceImports" name="test_services_namespace_exists" time="0.000" /><testcase classname="tests.test_architecture_imports.TestServicesNamespaceImports" name="test_services_submodules_exist" time="0.001" /><testcase classname="tests.test_architecture_imports.TestImportPerformance" name="test_executor_import_speed" time="0.000" /><testcase classname="tests.test_architecture_imports.TestImportPerformance" name="test_services_import_speed" time="0.000" /><testcase classname="tests.test_architecture_imports.TestNoSystemCalls" name="test_action_result_import_no_execution" time="0.000" /><testcase classname="tests.test_architecture_imports.TestNoSystemCalls" name="test_executor_import_no_execution" time="0.000" /><testcase classname="tests.test_architecture_imports.TestCrossModuleCompatibility" name="test_action_result_identity" time="0.000" /><testcase classname="tests.test_architecture_imports.TestCrossModuleCompatibility" name="test_action_executor_identity" time="0.000" /><testcase classname="tests.test_architecture_imports.TestPublicAPIStability" name="test_executor_public_methods" time="0.000" /><testcase classname="tests.test_architecture_imports.TestPublicAPIStability" name="test_action_result_public_methods" time="0.000" /><testcase classname="tests.test_architecture_imports.TestPublicAPIStability" name="test_base_executor_is_abstract" time="0.000" /><testcase classname="tests.test_audit.TestAuditLogger" name="test_dry_run_flag" time="0.001" /><testcase classname="tests.test_audit.TestAuditLogger" name="test_get_recent" time="0.001" /><testcase classname="tests.test_audit.TestAuditLogger" name="test_get_recent_empty" time="0.001" /><testcase classname="tests.test_audit.TestAuditLogger" name="test_log_creates_file" time="0.001" /><testcase classname="tests.test_audit.TestAuditLogger" name="test_log_entry_fields" time="0.001" /><testcase classname="tests.test_audit.TestAuditLogger" name="test_log_jsonl_format" time="0.001" /><testcase classname="tests.test_audit.TestAuditLogger" name="test_log_path_property" time="0.001" /><testcase classname="tests.test_audit.TestAuditLogger" name="test_log_validation_failure" time="0.001" /><testcase classname="tests.test_audit.TestAuditLogger" name="test_reset" time="0.001" /><testcase classname="tests.test_audit.TestAuditLogger" name="test_sensitive_param_redaction" time="0.001" /><testcase classname="tests.test_audit.TestAuditLogger" name="test_singleton_pattern" time="0.001" /><testcase classname="tests.test_audit.TestAuditLogger" name="test_stderr_hash" time="0.001" /><testcase classname="tests.test_audit.TestAuditLoggerEdgeCases" name="test_empty_params" time="0.001" /><testcase classname="tests.test_audit.TestAuditLoggerEdgeCases" name="test_empty_stderr" time="0.001" /><testcase classname="tests.test_audit.TestAuditLoggerEdgeCases" name="test_nested_sensitive_params" time="0.001" /><testcase classname="tests.test_audit.TestAuditLoggerEdgeCases" name="test_none_exit_code" time="0.001" /><testcase classname="tests.test_audit.TestAuditLoggerEdgeCases" name="test_none_params" time="0.001" /><testcase classname="tests.test_auto_tuner.TestWorkloadProfile" name="test_create_workload_profile" time="0.000" /><testcase classname="tests.test_auto_tuner.TestWorkloadProfile" name="test_default_description" time="0.000" /><testcase classname="tests.test_auto_tuner.TestWorkloadProfile" name="test_workload_profile_fields" time="0.000" /><testcase classname="tests.test_auto_tuner.TestTuningRecommendation" name="test_create_recommendation" time="0.000" /><testcase classname="tests.test_auto_tuner.TestTuningRecommendation" name="test_recommendation_fields" time="0.000" /><testcase classname="tests.test_auto_tuner.TestTuningRecommendation" name="test_recommendation_with_defaults" time="0.000" /><testcase classname="tests.test_auto_tuner.TestDetectWorkload" name="test_detect_compilation_workload" time="0.001" /><testcase classname="tests.test_auto_tuner.TestDetectWorkload" name="test_detect_gaming_workload" time="0.001" /><testcase classname="tests.test_auto_tuner.TestDetectWorkload" name="test_detect_heavy_workload" time="0.001" /><testcase classname="tests.test_auto_tuner.TestDetectWorkload" name="test_detect_idle_workload" time="0.001" /><testcase classname="tests.test_auto_tuner.TestDetectWorkload" name="test_detect_light_workload" time="0.001" /><testcase classname="tests.test_auto_tuner.TestDetectWorkload" name="test_detect_returns_workload_profile" time="0.001" /><testcase classname="tests.test_auto_tuner.TestDetectWorkload" name="test_detect_server_workload" time="0.001" /><testcase classname="tests.test_auto_tuner.TestDetectWorkload" name="test_detect_with_empty_stat" time="0.001" /><testcase classname="tests.test_auto_tuner.TestDetectWorkload" name="test_detect_with_missing_proc" time="0.001" /><testcase classname="tests.test_auto_tuner.TestGetCurrentSettings" name="test_all_files_missing" time="0.001" /><testcase classname="tests.test_auto_tuner.TestGetCurrentSettings" name="test_get_all_settings" time="0.003" /><testcase classname="tests.test_auto_tuner.TestGetCurrentSettings" name="test_governor_missing" time="0.001" /><testcase classname="tests.test_auto_tuner.TestGetCurrentSettings" name="test_scheduler_read" time="0.001" /><testcase classname="tests.test_auto_tuner.TestGetCurrentSettings" name="test_swappiness_read" time="0.002" /><testcase classname="tests.test_auto_tuner.TestRecommend" name="test_recommend_auto_detect" time="0.001" /><testcase classname="tests.test_auto_tuner.TestRecommend" name="test_recommend_for_compilation" time="0.000" /><testcase classname="tests.test_auto_tuner.TestRecommend" name="test_recommend_for_gaming" time="0.000" /><testcase classname="tests.test_auto_tuner.TestRecommend" name="test_recommend_for_idle" time="0.000" /><testcase classname="tests.test_auto_tuner.TestRecommend" name="test_recommend_returns_tuning_recommendation" time="0.000" /><testcase classname="tests.test_auto_tuner.TestRecommend" name="test_recommend_unknown_workload_falls_back_to_idle" time="0.000" /><testcase classname="tests.test_auto_tuner.TestApplyMethods" name="test_apply_io_scheduler" time="0.000" /><testcase classname="tests.test_auto_tuner.TestApplyMethods" name="test_apply_io_scheduler_no_device" time="0.000" /><testcase classname="tests.test_auto_tuner.TestApplyMethods" name="test_apply_recommendation_returns_tuple" time="0.000" /><testcase classname="tests.test_auto_tuner.TestApplyMethods" name="test_apply_recommendation_uses_pkexec" time="0.000" /><testcase classname="tests.test_auto_tuner.TestApplyMethods" name="test_apply_swappiness_clamps_value" time="0.001" /><testcase classname="tests.test_auto_tuner.TestApplyMethods" name="test_apply_swappiness_returns_tuple" time="0.000" /><testcase classname="tests.test_auto_tuner.TestApplyMethods" name="test_apply_thp" time="0.000" /><testcase classname="tests.test_auto_tuner.TestApplyMethods" name="test_apply_thp_invalid_mode_defaults_madvise" time="0.000" /><testcase classname="tests.test_auto_tuner.TestTuningHistory" name="test_get_empty_history" time="0.001" /><testcase classname="tests.test_auto_tuner.TestTuningHistory" name="test_get_history_with_entries" time="0.001" /><testcase classname="tests.test_auto_tuner.TestTuningHistory" name="test_history_corrupted_json" time="0.001" /><testcase classname="tests.test_auto_tuner.TestTuningHistory" name="test_history_max_50" time="0.017" /><testcase classname="tests.test_auto_tuner.TestTuningHistory" name="test_history_non_list_json" time="0.004" /><testcase classname="tests.test_auto_tuner.TestTuningHistory" name="test_save_entry" time="0.009" /><testcase classname="tests.test_auto_tuner.TestInternalHelpers" name="test_find_first_block_device" time="0.001" /><testcase classname="tests.test_auto_tuner.TestInternalHelpers" name="test_find_first_block_device_no_sysblock" time="0.000" /><testcase classname="tests.test_auto_tuner.TestInternalHelpers" name="test_find_first_block_device_only_virtual" time="0.001" /><testcase classname="tests.test_auto_tuner.TestInternalHelpers" name="test_find_first_block_device_oserror" time="0.001" /><testcase classname="tests.test_auto_tuner.TestInternalHelpers" name="test_get_current_settings_handles_open_oserrors" time="0.001" /><testcase classname="tests.test_auto_tuner.TestInternalHelpers" name="test_read_aggregate_cpu_times_bad_format" time="0.057" /><testcase classname="tests.test_auto_tuner.TestInternalHelpers" name="test_read_aggregate_cpu_times_oserror" time="0.000" /><testcase classname="tests.test_auto_tuner.TestInternalHelpers" name="test_read_aggregate_cpu_times_success" time="0.002" /><testcase classname="tests.test_auto_tuner.TestInternalHelpers" name="test_read_cpu_percent_exception_path" time="0.001" /><testcase classname="tests.test_auto_tuner.TestInternalHelpers" name="test_read_cpu_percent_idle" time="0.002" /><testcase classname="tests.test_auto_tuner.TestInternalHelpers" name="test_read_cpu_percent_no_data" time="0.001" /><testcase classname="tests.test_auto_tuner.TestInternalHelpers" name="test_read_cpu_percent_second_snapshot_missing" time="0.001" /><testcase classname="tests.test_auto_tuner.TestInternalHelpers" name="test_read_cpu_percent_total_delta_non_positive" time="0.001" /><testcase classname="tests.test_auto_tuner.TestInternalHelpers" name="test_read_io_scheduler_missing_path" time="0.001" /><testcase classname="tests.test_auto_tuner.TestInternalHelpers" name="test_read_io_scheduler_no_device" time="0.000" /><testcase classname="tests.test_auto_tuner.TestInternalHelpers" name="test_read_io_scheduler_oserror" time="0.001" /><testcase classname="tests.test_auto_tuner.TestInternalHelpers" name="test_read_io_scheduler_success" time="0.001" /><testcase classname="tests.test_auto_tuner.TestInternalHelpers" name="test_read_io_scheduler_without_brackets" time="0.001" /><testcase classname="tests.test_auto_tuner.TestInternalHelpers" name="test_read_io_wait_branch_paths" time="0.001" /><testcase classname="tests.test_auto_tuner.TestInternalHelpers" name="test_read_io_wait_exception_path" time="0.000" /><testcase classname="tests.test_auto_tuner.TestInternalHelpers" name="test_read_memory_percent_no_total" time="0.002" /><testcase classname="tests.test_auto_tuner.TestInternalHelpers" name="test_read_memory_percent_oserror" time="0.000" /><testcase classname="tests.test_auto_tuner.TestInternalHelpers" name="test_read_memory_percent_success" time="0.001" /><testcase classname="tests.test_auto_tuner.TestAutoTunerConcurrency" name="test_concurrent_save_and_read_consistency" time="0.004" /><testcase classname="tests.test_automation_profiles_deep.TestAutomationRule" name="test_defaults" time="0.000" /><testcase classname="tests.test_automation_profiles_deep.TestAutomationRule" name="test_to_dict_roundtrip" time="0.000" /><testcase classname="tests.test_automation_profiles_deep.TestEnums" name="test_action_values" time="0.000" /><testcase classname="tests.test_automation_profiles_deep.TestEnums" name="test_trigger_values" time="0.000" /><testcase classname="tests.test_automation_profiles_deep.TestConfigHelpers" name="test_is_enabled_false" time="0.000" /><testcase classname="tests.test_automation_profiles_deep.TestConfigHelpers" name="test_is_enabled_true" time="0.000" /><testcase classname="tests.test_automation_profiles_deep.TestConfigHelpers" name="test_load_config" time="0.002" /><testcase classname="tests.test_automation_profiles_deep.TestConfigHelpers" name="test_load_config_corrupt" time="0.002" /><testcase classname="tests.test_automation_profiles_deep.TestConfigHelpers" name="test_set_enabled" time="0.001" /><testcase classname="tests.test_automation_profiles_deep.TestRuleCRUD" name="test_add_rule_generates_id" time="0.001" /><testcase classname="tests.test_automation_profiles_deep.TestRuleCRUD" name="test_add_rule_success" time="0.001" /><testcase classname="tests.test_automation_profiles_deep.TestRuleCRUD" name="test_add_rule_validation_fail" time="0.000" /><testcase classname="tests.test_automation_profiles_deep.TestRuleCRUD" name="test_delete_rule_found" time="0.001" /><testcase classname="tests.test_automation_profiles_deep.TestRuleCRUD" name="test_delete_rule_not_found" time="0.000" /><testcase classname="tests.test_automation_profiles_deep.TestRuleCRUD" name="test_enable_rule" time="0.001" /><testcase classname="tests.test_automation_profiles_deep.TestRuleCRUD" name="test_get_rule_found" time="0.000" /><testcase classname="tests.test_automation_profiles_deep.TestRuleCRUD" name="test_get_rule_not_found" time="0.000" /><testcase classname="tests.test_automation_profiles_deep.TestRuleCRUD" name="test_list_rules" time="0.000" /><testcase classname="tests.test_automation_profiles_deep.TestRuleCRUD" name="test_update_rule_not_found" time="0.000" /><testcase classname="tests.test_automation_profiles_deep.TestRuleCRUD" name="test_update_rule_success" time="0.001" /><testcase classname="tests.test_automation_profiles_deep.TestRuleMatching" name="test_get_home_wifi_ssids" time="0.001" /><testcase classname="tests.test_automation_profiles_deep.TestRuleMatching" name="test_get_rules_for_trigger" time="0.000" /><testcase classname="tests.test_automation_profiles_deep.TestRuleMatching" name="test_set_home_wifi_ssids" time="0.001" /><testcase classname="tests.test_automation_profiles_deep.TestValidation" name="test_invalid_action" time="0.000" /><testcase classname="tests.test_automation_profiles_deep.TestValidation" name="test_invalid_trigger" time="0.000" /><testcase classname="tests.test_automation_profiles_deep.TestValidation" name="test_missing_command" time="0.000" /><testcase classname="tests.test_automation_profiles_deep.TestValidation" name="test_missing_governor" time="0.000" /><testcase classname="tests.test_automation_profiles_deep.TestValidation" name="test_power_profile_warning" time="0.000" /><testcase classname="tests.test_automation_profiles_deep.TestValidation" name="test_theme_warning" time="0.000" /><testcase classname="tests.test_automation_profiles_deep.TestValidation" name="test_tiling_no_script_warning" time="0.000" /><testcase classname="tests.test_automation_profiles_deep.TestValidation" name="test_valid_rule" time="0.000" /><testcase classname="tests.test_automation_profiles_deep.TestValidation" name="test_vpn_no_name_warning" time="0.000" /><testcase classname="tests.test_automation_profiles_deep.TestDryRun" name="test_disable_focus_mode" time="0.000" /><testcase classname="tests.test_automation_profiles_deep.TestDryRun" name="test_disable_tiling" time="0.000" /><testcase classname="tests.test_automation_profiles_deep.TestDryRun" name="test_disable_vpn" time="0.000" /><testcase classname="tests.test_automation_profiles_deep.TestDryRun" name="test_enable_focus_mode" time="0.000" /><testcase classname="tests.test_automation_profiles_deep.TestDryRun" name="test_enable_tiling" time="0.000" /><testcase classname="tests.test_automation_profiles_deep.TestDryRun" name="test_enable_vpn" time="0.000" /><testcase classname="tests.test_automation_profiles_deep.TestDryRun" name="test_run_command" time="0.000" /><testcase classname="tests.test_automation_profiles_deep.TestDryRun" name="test_set_cpu_governor" time="0.000" /><testcase classname="tests.test_automation_profiles_deep.TestDryRun" name="test_set_power_profile" time="0.000" /><testcase classname="tests.test_automation_profiles_deep.TestDryRun" name="test_set_theme" time="0.000" /><testcase classname="tests.test_automation_profiles_deep.TestDryRun" name="test_simulate_rules" time="0.000" /><testcase classname="tests.test_automation_profiles_deep.TestDryRun" name="test_unknown_action" time="0.000" /><testcase classname="tests.test_automation_profiles_deep.TestActionExecution" name="test_disable_focus_mode" time="0.001" /><testcase classname="tests.test_automation_profiles_deep.TestActionExecution" name="test_disable_vpn_none_active" time="0.001" /><testcase classname="tests.test_automation_profiles_deep.TestActionExecution" name="test_disable_vpn_with_active" time="0.001" /><testcase classname="tests.test_automation_profiles_deep.TestActionExecution" name="test_enable_focus_mode" time="0.001" /><testcase classname="tests.test_automation_profiles_deep.TestActionExecution" name="test_enable_vpn_auto_discover" time="0.001" /><testcase classname="tests.test_automation_profiles_deep.TestActionExecution" name="test_enable_vpn_no_vpn_found" time="0.000" /><testcase classname="tests.test_automation_profiles_deep.TestActionExecution" name="test_enable_vpn_with_name" time="0.000" /><testcase classname="tests.test_automation_profiles_deep.TestActionExecution" name="test_focus_mode_import_error" time="0.001" /><testcase classname="tests.test_automation_profiles_deep.TestActionExecution" name="test_run_command_fail" time="0.001" /><testcase classname="tests.test_automation_profiles_deep.TestActionExecution" name="test_run_command_no_command" time="0.000" /><testcase classname="tests.test_automation_profiles_deep.TestActionExecution" name="test_run_command_success" time="0.001" /><testcase classname="tests.test_automation_profiles_deep.TestActionExecution" name="test_run_command_timeout" time="0.001" /><testcase classname="tests.test_automation_profiles_deep.TestActionExecution" name="test_set_cpu_governor_via_hardware_manager" time="0.001" /><testcase classname="tests.test_automation_profiles_deep.TestActionExecution" name="test_set_power_profile_fail" time="0.001" /><testcase classname="tests.test_automation_profiles_deep.TestActionExecution" name="test_set_power_profile_not_installed" time="0.000" /><testcase classname="tests.test_automation_profiles_deep.TestActionExecution" name="test_set_power_profile_success" time="0.000" /><testcase classname="tests.test_automation_profiles_deep.TestActionExecution" name="test_set_theme_both_fail" time="0.001" /><testcase classname="tests.test_automation_profiles_deep.TestActionExecution" name="test_set_theme_dark_kde" time="0.001" /><testcase classname="tests.test_automation_profiles_deep.TestActionExecution" name="test_set_theme_kde_fails_gnome_succeeds" time="0.001" /><testcase classname="tests.test_automation_profiles_deep.TestActionExecution" name="test_set_theme_light_kde" time="0.000" /><testcase classname="tests.test_automation_profiles_deep.TestActionExecution" name="test_unknown_action" time="0.000" /><testcase classname="tests.test_automation_profiles_deep.TestExecuteRulesForTrigger" name="test_disabled" time="0.000" /><testcase class
[...]
ed" time="0.000" /><testcase classname="tests.test_virtualization.TestIOMMU" name="test_iommu_no_groups" time="0.000" /><testcase classname="tests.test_virtualization.TestIOMMU" name="test_iommu_permission_denied" time="0.000" /><testcase classname="tests.test_virtualization.TestIOMMU" name="test_iommu_sysfs_missing" time="0.000" /><testcase classname="tests.test_virtualization.TestIOMMUGroups" name="test_get_iommu_groups_no_sysfs" time="0.000" /><testcase classname="tests.test_virtualization.TestIOMMUGroups" name="test_get_iommu_groups_single" time="0.001" /><testcase classname="tests.test_virtualization.TestVFIOHelpers" name="test_check_iommu_cmdline_amd" time="0.001" /><testcase classname="tests.test_virtualization.TestVFIOHelpers" name="test_check_iommu_cmdline_intel" time="0.001" /><testcase classname="tests.test_virtualization.TestVFIOHelpers" name="test_check_iommu_cmdline_none" time="0.000" /><testcase classname="tests.test_virtualization.TestVFIOHelpers" name="test_generate_vfio_ids_deduplication" time="0.000" /><testcase classname="tests.test_virtualization.TestVFIOHelpers" name="test_generate_vfio_ids_empty" time="0.000" /><testcase classname="tests.test_virtualization.TestVFIOHelpers" name="test_generate_vfio_ids_multiple" time="0.000" /><testcase classname="tests.test_virtualization.TestVFIOHelpers" name="test_generate_vfio_ids_single" time="0.000" /><testcase classname="tests.test_virtualization.TestTooling" name="test_all_tools_present" time="0.000" /><testcase classname="tests.test_virtualization.TestTooling" name="test_missing_packages" time="0.000" /><testcase classname="tests.test_virtualization.TestTooling" name="test_no_missing_packages_when_all_installed" time="0.000" /><testcase classname="tests.test_virtualization.TestTooling" name="test_no_tools_present" time="0.000" /><testcase classname="tests.test_virtualization.TestFullStatus" name="test_full_status_all_ready" time="0.001" /><testcase classname="tests.test_virtualization.TestFullStatus" name="test_full_status_basic" time="0.001" /><testcase classname="tests.test_virtualization.TestSummary" name="test_summary_all_enabled" time="0.001" /><testcase classname="tests.test_virtualization.TestSummary" name="test_summary_nothing_available" time="0.000" /><testcase classname="tests.test_vm_manager_dedicated.TestResultDataclass" name="test_failure_result" time="0.000" /><testcase classname="tests.test_vm_manager_dedicated.TestResultDataclass" name="test_result_with_data" time="0.000" /><testcase classname="tests.test_vm_manager_dedicated.TestResultDataclass" name="test_success_result" time="0.000" /><testcase classname="tests.test_vm_manager_dedicated.TestVMInfoDataclass" name="test_all_fields" time="0.000" /><testcase classname="tests.test_vm_manager_dedicated.TestVMInfoDataclass" name="test_defaults" time="0.000" /><testcase classname="tests.test_vm_manager_dedicated.TestVMFlavors" name="test_each_flavor_has_required_fields" time="0.000" /><testcase classname="tests.test_vm_manager_dedicated.TestVMFlavors" name="test_expected_keys_present" time="0.000" /><testcase classname="tests.test_vm_manager_dedicated.TestVMFlavors" name="test_linux_flavors_no_tpm" time="0.000" /><testcase classname="tests.test_vm_manager_dedicated.TestVMFlavors" name="test_windows11_needs_tpm" time="0.000" /><testcase classname="tests.test_vm_manager_dedicated.TestVMNameRegex" name="test_invalid_names" time="0.000" /><testcase classname="tests.test_vm_manager_dedicated.TestVMNameRegex" name="test_valid_names" time="0.000" /><testcase classname="tests.test_vm_manager_dedicated.TestIsAvailable" name="test_both_missing" time="0.001" /><testcase classname="tests.test_vm_manager_dedicated.TestIsAvailable" name="test_both_tools_present" time="0.001" /><testcase classname="tests.test_vm_manager_dedicated.TestIsAvailable" name="test_qemu_missing" time="0.000" /><testcase classname="tests.test_vm_manager_dedicated.TestIsAvailable" name="test_virsh_missing" time="0.000" /><testcase classname="tests.test_vm_manager_dedicated.TestGetAvailableFlavors" name="test_mutation_does_not_affect_original" time="0.000" /><testcase classname="tests.test_vm_manager_dedicated.TestGetAvailableFlavors" name="test_returns_copy" time="0.000" /><testcase classname="tests.test_vm_manager_dedicated.TestListVMs" name="test_empty_list" time="0.001" /><testcase classname="tests.test_vm_manager_dedicated.TestListVMs" name="test_generic_exception" time="0.001" /><testcase classname="tests.test_vm_manager_dedicated.TestListVMs" name="test_nonzero_returncode" time="0.001" /><testcase classname="tests.test_vm_manager_dedicated.TestListVMs" name="test_normal_output" time="0.001" /><testcase classname="tests.test_vm_manager_dedicated.TestListVMs" name="test_timeout" time="0.001" /><testcase classname="tests.test_vm_manager_dedicated.TestListVMs" name="test_virsh_not_installed" time="0.000" /><testcase classname="tests.test_vm_manager_dedicated.TestGetVMInfo" name="test_malformed_memory_value" time="0.001" /><testcase classname="tests.test_vm_manager_dedicated.TestGetVMInfo" name="test_malformed_vcpus_value" time="0.001" /><testcase classname="tests.test_vm_manager_dedicated.TestGetVMInfo" name="test_parses_all_fields" time="0.001" /><testcase classname="tests.test_vm_manager_dedicated.TestGetVMInfo" name="test_timeout" time="0.000" /><testcase classname="tests.test_vm_manager_dedicated.TestGetVMInfo" name="test_virsh_not_installed" time="0.000" /><testcase classname="tests.test_vm_manager_dedicated.TestGetVMInfo" name="test_vm_not_found" time="0.001" /><testcase classname="tests.test_vm_manager_dedicated.TestGetVMState" name="test_returns_running" time="0.001" /><testcase classname="tests.test_vm_manager_dedicated.TestGetVMState" name="test_returns_unknown_on_failure" time="0.001" /><testcase classname="tests.test_vm_manager_dedicated.TestCreateVM" name="test_create_failure_stderr" time="0.001" /><testcase classname="tests.test_vm_manager_dedicated.TestCreateVM" name="test_create_generic_exception" time="0.001" /><testcase classname="tests.test_vm_manager_dedicated.TestCreateVM" name="test_create_success" time="0.001" /><testcase classname="tests.test_vm_manager_dedicated.TestCreateVM" name="test_create_timeout" time="0.001" /><testcase classname="tests.test_vm_manager_dedicated.TestCreateVM" name="test_empty_iso_path" time="0.000" /><testcase classname="tests.test_vm_manager_dedicated.TestCreateVM" name="test_invalid_name_dots" time="0.000" /><testcase classname="tests.test_vm_manager_dedicated.TestCreateVM" name="test_invalid_name_spaces" time="0.000" /><testcase classname="tests.test_vm_manager_dedicated.TestCreateVM" name="test_missing_iso" time="0.001" /><testcase classname="tests.test_vm_manager_dedicated.TestCreateVM" name="test_overrides_applied" time="0.001" /><testcase classname="tests.test_vm_manager_dedicated.TestCreateVM" name="test_unknown_flavor" time="0.000" /><testcase classname="tests.test_vm_manager_dedicated.TestCreateVM" name="test_virt_install_missing" time="0.001" /><testcase classname="tests.test_vm_manager_dedicated.TestCreateVM" name="test_virtio_drivers_attached" time="0.001" /><testcase classname="tests.test_vm_manager_dedicated.TestCreateVM" name="test_windows11_with_swtpm" time="0.001" /><testcase classname="tests.test_vm_manager_dedicated.TestCreateVM" name="test_windows11_without_swtpm" time="0.001" /><testcase classname="tests.test_vm_manager_dedicated.TestStartVM" name="test_start_failure" time="0.001" /><testcase classname="tests.test_vm_manager_dedicated.TestStartVM" name="test_start_success" time="0.000" /><testcase classname="tests.test_vm_manager_dedicated.TestStartVM" name="test_start_timeout" time="0.001" /><testcase classname="tests.test_vm_manager_dedicated.TestStartVM" name="test_start_virsh_missing" time="0.000" /><testcase classname="tests.test_vm_manager_dedicated.TestStopVM" name="test_stop_failure" time="0.001" /><testcase classname="tests.test_vm_manager_dedicated.TestStopVM" name="test_stop_generic_exception" time="0.000" /><testcase classname="tests.test_vm_manager_dedicated.TestStopVM" name="test_stop_success" time="0.001" /><testcase classname="tests.test_vm_manager_dedicated.TestStopVM" name="test_stop_timeout" time="0.000" /><testcase classname="tests.test_vm_manager_dedicated.TestStopVM" name="test_stop_virsh_missing" time="0.000" /><testcase classname="tests.test_vm_manager_dedicated.TestForceStopVM" name="test_force_stop_failure" time="0.001" /><testcase classname="tests.test_vm_manager_dedicated.TestForceStopVM" name="test_force_stop_success" time="0.001" /><testcase classname="tests.test_vm_manager_dedicated.TestForceStopVM" name="test_force_stop_timeout" time="0.000" /><testcase classname="tests.test_vm_manager_dedicated.TestForceStopVM" name="test_force_stop_virsh_missing" time="0.000" /><testcase classname="tests.test_vm_manager_dedicated.TestDeleteVM" name="test_delete_failure" time="0.001" /><testcase classname="tests.test_vm_manager_dedicated.TestDeleteVM" name="test_delete_generic_exception" time="0.000" /><testcase classname="tests.test_vm_manager_dedicated.TestDeleteVM" name="test_delete_success" time="0.001" /><testcase classname="tests.test_vm_manager_dedicated.TestDeleteVM" name="test_delete_timeout" time="0.001" /><testcase classname="tests.test_vm_manager_dedicated.TestDeleteVM" name="test_delete_virsh_missing" time="0.000" /><testcase classname="tests.test_vm_manager_dedicated.TestDeleteVM" name="test_delete_with_storage" time="0.001" /><testcase classname="tests.test_vm_manager_dedicated.TestDeleteVM" name="test_delete_without_storage" time="0.001" /><testcase classname="tests.test_vm_manager_dedicated.TestGetDefaultStoragePool" name="test_fallback_pool" time="0.001" /><testcase classname="tests.test_vm_manager_dedicated.TestGetDefaultStoragePool" name="test_system_pool_exists" time="0.000" /><testcase classname="tests.test_vm_manager_dedicated.TestCheckUserInLibvirtGroup" name="test_generic_exception" time="0.000" /><testcase classname="tests.test_vm_manager_dedicated.TestCheckUserInLibvirtGroup" name="test_id_command_fails" time="0.001" /><testcase classname="tests.test_vm_manager_dedicated.TestCheckUserInLibvirtGroup" name="test_partial_match_rejected" time="0.000" /><testcase classname="tests.test_vm_manager_dedicated.TestCheckUserInLibvirtGroup" name="test_timeout" time="0.000" /><testcase classname="tests.test_vm_manager_dedicated.TestCheckUserInLibvirtGroup" name="test_user_in_group" time="0.000" /><testcase classname="tests.test_vm_manager_dedicated.TestCheckUserInLibvirtGroup" name="test_user_not_in_group" time="0.000" /><testcase classname="tests.test_vscode.TestGetVSCodeCommand" name="test_finds_code" time="0.000" /><testcase classname="tests.test_vscode.TestGetVSCodeCommand" name="test_finds_codium" time="0.000" /><testcase classname="tests.test_vscode.TestGetVSCodeCommand" name="test_finds_flatpak" time="0.001" /><testcase classname="tests.test_vscode.TestGetVSCodeCommand" name="test_returns_none" time="0.000" /><testcase classname="tests.test_vscode.TestIsAvailable" name="test_available" time="0.000" /><testcase classname="tests.test_vscode.TestIsAvailable" name="test_not_available" time="0.000" /><testcase classname="tests.test_vscode.TestGetInstalledExtensions" name="test_exception_returns_empty" time="0.001" /><testcase classname="tests.test_vscode.TestGetInstalledExtensions" name="test_flatpak_command" time="0.001" /><testcase classname="tests.test_vscode.TestGetInstalledExtensions" name="test_no_vscode_returns_empty" time="0.000" /><testcase classname="tests.test_vscode.TestGetInstalledExtensions" name="test_nonzero_rc_returns_empty" time="0.000" /><testcase classname="tests.test_vscode.TestGetInstalledExtensions" name="test_parses_extensions" time="0.000" /><testcase classname="tests.test_vscode.TestInstallExtension" name="test_flatpak_install" time="0.001" /><testcase classname="tests.test_vscode.TestInstallExtension" name="test_install_exception" time="0.000" /><testcase classname="tests.test_vscode.TestInstallExtension" name="test_install_failure" time="0.001" /><testcase classname="tests.test_vscode.TestInstallExtension" name="test_install_success" time="0.000" /><testcase classname="tests.test_vscode.TestInstallExtension" name="test_no_vscode" time="0.000" /><testcase classname="tests.test_vscode.TestInstallProfile" name="test_all_already_installed" time="0.001" /><testcase classname="tests.test_vscode.TestInstallProfile" name="test_installs_missing" time="0.001" /><testcase classname="tests.test_vscode.TestInstallProfile" name="test_partial_failure" time="0.001" /><testcase classname="tests.test_vscode.TestInstallProfile" name="test_unknown_profile" time="0.000" /><testcase classname="tests.test_vscode.TestGetSettingsPath" name="test_finds_standard_path" time="0.001" /><testcase classname="tests.test_vscode.TestGetSettingsPath" name="test_returns_none_when_no_dirs" time="0.001" /><testcase classname="tests.test_vscode.TestBackupSettings" name="test_creates_backup" time="0.001" /><testcase classname="tests.test_vscode.TestBackupSettings" name="test_no_settings_returns_none" time="0.000" /><testcase classname="tests.test_vscode.TestInjectSettings" name="test_creates_new_settings_file" time="0.001" /><testcase classname="tests.test_vscode.TestInjectSettings" name="test_handles_bad_json" time="0.001" /><testcase classname="tests.test_vscode.TestInjectSettings" name="test_injects_python_settings" time="0.001" /><testcase classname="tests.test_vscode.TestInjectSettings" name="test_no_settings_path" time="0.000" /><testcase classname="tests.test_vscode.TestInjectSettings" name="test_unknown_profile" time="0.000" /><testcase classname="tests.test_vscode.TestGetAvailableProfiles" name="test_returns_all_profiles" time="0.000" /><testcase classname="tests.test_wayland_display.TestSessionDetection" name="test_detect_gnome" time="0.001" /><testcase classname="tests.test_wayland_display.TestSessionDetection" name="test_detect_kde" time="0.001" /><testcase classname="tests.test_wayland_display.TestSessionDetection" name="test_detect_plasma" time="0.001" /><testcase classname="tests.test_wayland_display.TestSessionDetection" name="test_detect_unknown" time="0.001" /><testcase classname="tests.test_wayland_display.TestSessionDetection" name="test_is_not_wayland" time="0.001" /><testcase classname="tests.test_wayland_display.TestSessionDetection" name="test_is_not_wayland_empty" time="0.001" /><testcase classname="tests.test_wayland_display.TestSessionDetection" name="test_is_wayland" time="0.001" /><testcase classname="tests.test_wayland_display.TestGetDisplays" name="test_get_displays_gnome" time="0.001" /><testcase classname="tests.test_wayland_display.TestGetDisplays" name="test_get_displays_gnome_timeout" time="0.001" /><testcase classname="tests.test_wayland_display.TestGetDisplays" name="test_get_displays_kde" time="0.001" /><testcase classname="tests.test_wayland_display.TestGetDisplays" name="test_get_displays_no_tools" time="0.001" /><testcase classname="tests.test_wayland_display.TestGetDisplays" name="test_get_displays_unknown_de" time="0.001" /><testcase classname="tests.test_wayland_display.TestGetDisplays" name="test_get_displays_xrandr_fallback" time="0.002" /><testcase classname="tests.test_wayland_display.TestSetScaling" name="test_set_scaling_gnome" time="0.001" /><testcase classname="tests.test_wayland_display.TestSetScaling" name="test_set_scaling_kde" time="0.001" /><testcase classname="tests.test_wayland_display.TestSetScaling" name="test_set_scaling_unsupported" time="0.001" /><testcase classname="tests.test_wayland_display.TestFractionalScaling" name="test_disable_fractional_gnome" time="0.001" /><testcase classname="tests.test_wayland_display.TestFractionalScaling" name="test_disable_fractional_kde" time="0.001" /><testcase classname="tests.test_wayland_display.TestFractionalScaling" name="test_enable_fractional_gnome" time="0.001" /><testcase classname="tests.test_wayland_display.TestFractionalScaling" name="test_enable_fractional_kde" time="0.001" /><testcase classname="tests.test_wayland_display.TestSetPosition" name="test_set_position_gnome" time="0.001" /><testcase classname="tests.test_wayland_display.TestSetPosition" name="test_set_position_kde" time="0.001" /><testcase classname="tests.test_wayland_display.TestSetPosition" name="test_set_position_unsupported" time="0.001" /><testcase classname="tests.test_wayland_display.TestSessionInfo" name="test_session_info_gnome_wayland" time="0.001" /><testcase classname="tests.test_wayland_display.TestSessionInfo" name="test_session_info_kde_x11" time="0.001" /><testcase classname="tests.test_wayland_display.TestParseKscreenOutputs" name="test_parse_empty_output" time="0.000" /><testcase classname="tests.test_wayland_display.TestParseKscreenOutputs" name="test_parse_multiple_outputs" time="0.000" /><testcase classname="tests.test_workflow_runner_locks" name="test_writer_lock_denies_concurrent_owner" time="0.001" /><testcase classname="tests.test_workflow_runner_locks" name="test_model_router_toml_overrides_defaults" time="0.001" /><testcase classname="tests.test_workflow_runner_locks" name="test_task_contract_validation_fails_for_missing_fields" time="0.001" /><testcase classname="tests.test_workflow_runner_locks" name="test_task_contract_validation_accepts_valid_entries" time="0.001" /><testcase classname="tests.test_workflow_runner_locks" name="test_validate_race_returns_blocked_when_lock_missing" time="0.001" /><testcase classname="tests.test_workflow_runner_locks" name="test_validate_race_detects_version_mismatch" time="0.001" /><testcase classname="tests.test_workflow_runner_locks" name="test_validate_race_passes_for_matching_version" time="0.001" /><testcase classname="tests.test_workflow_runner_locks" name="test_task_contract_validation_fails_for_missing_artifact" time="0.001" /><testcase classname="tests.test_workflow_runner_locks" name="test_task_contract_validation_fails_when_no_task_entries" time="0.001" /><testcase classname="tests.test_workflow_runner_locks" name="test_run_agent_fails_when_codex_missing" time="0.001" /><testcase classname="tests.test_workflow_runner_locks" name="test_run_agent_review_mode_writes_report" time="0.001" /><testcase classname="tests.test_zram.TestZramDataclasses" name="test_zram_config_creation" time="0.000" /><testcase classname="tests.test_zram.TestZramDataclasses" name="test_zram_result_creation" time="0.000" /><testcase classname="tests.test_zram.TestGetTotalRam" name="test_get_total_ram_fallback" time="0.001" /><testcase classname="tests.test_zram.TestGetTotalRam" name="test_get_total_ram_parses_meminfo" time="0.000" /><testcase classname="tests.test_zram.TestGetCurrentConfig" name="test_get_current_config_zram_active" time="0.001" /><testcase classname="tests.test_zram.TestGetCurrentConfig" name="test_get_current_config_zram_inactive" time="0.001" /><testcase classname="tests.test_zram.TestSetConfig" name="test_set_config_100_percent" time="0.001" /><testcase classname="tests.test_zram.TestSetConfig" name="test_set_config_invalid_algorithm" time="0.000" /><testcase classname="tests.test_zram.TestSetConfig" name="test_set_config_invalid_size_high" time="0.000" /><testcase classname="tests.test_zram.TestSetConfig" name="test_set_config_invalid_size_low" time="0.000" /><testcase classname="tests.test_zram.TestSetConfig" name="test_set_config_success" time="0.001" /><testcase classname="tests.test_zram.TestDisable" name="test_disable_already_disabled" time="0.000" /><testcase classname="tests.test_zram.TestDisable" name="test_disable_success" time="0.001" /><testcase classname="tests.test_zram.TestGetCurrentUsage" name="test_get_current_usage_empty_output" time="0.000" /><testcase classname="tests.test_zram.TestGetCurrentUsage" name="test_get_current_usage_error" time="0.000" /><testcase classname="tests.test_zram.TestGetCurrentUsage" name="test_get_current_usage_success" time="0.001" /></testsuite></testsuites>